<?xml version="1.0" encoding="UTF-8"?>
<testng-results ignored="0" total="2" passed="2" failed="0" skipped="0">
  <reporter-output>
  </reporter-output>
  <suite started-at="2022-06-07T14:03:16 IST" name="DemoBanking_Test" finished-at="2022-06-07T14:03:55 IST" duration-ms="38903">
    <groups>
    </groups>
    <test started-at="2022-06-07T14:03:16 IST" name="BankingApp Test" finished-at="2022-06-07T14:03:55 IST" duration-ms="38903">
      <class name="com.banking.testCases.TC_AddCustomerTest_003">
        <test-method is-config="true" signature="setup(java.lang.String)[pri:0, instance:com.banking.testCases.TC_AddCustomerTest_003@15aab8c6]" started-at="2022-06-07T14:03:25 IST" name="setup" finished-at="2022-06-07T14:03:30 IST" duration-ms="5140" status="PASS">
          <params>
            <param index="0">
              <value>
                <![CDATA[chrome]]>
              </value>
            </param>
          </params>
          <reporter-output>
          </reporter-output>
        </test-method> <!-- setup -->
        <test-method signature="addNewCustomer()[pri:0, instance:com.banking.testCases.TC_AddCustomerTest_003@15aab8c6]" started-at="2022-06-07T14:03:30 IST" name="addNewCustomer" finished-at="2022-06-07T14:03:55 IST" duration-ms="24160" status="PASS">
          <reporter-output>
          </reporter-output>
        </test-method> <!-- addNewCustomer -->
        <test-method is-config="true" signature="tearDown()[pri:0, instance:com.banking.testCases.TC_AddCustomerTest_003@15aab8c6]" started-at="2022-06-07T14:03:55 IST" name="tearDown" finished-at="2022-06-07T14:03:55 IST" duration-ms="676" status="PASS">
          <reporter-output>
          </reporter-output>
        </test-method> <!-- tearDown -->
      </class> <!-- com.banking.testCases.TC_AddCustomerTest_003 -->
      <class name="com.banking.testCases.TC_LoginTest_001">
        <test-method is-config="true" signature="setup(java.lang.String)[pri:0, instance:com.banking.testCases.TC_LoginTest_001@d29f28]" started-at="2022-06-07T14:03:17 IST" name="setup" finished-at="2022-06-07T14:03:23 IST" duration-ms="5991" status="PASS">
          <params>
            <param index="0">
              <value>
                <![CDATA[chrome]]>
              </value>
            </param>
          </params>
          <reporter-output>
          </reporter-output>
        </test-method> <!-- setup -->
        <test-method signature="loginTest()[pri:0, instance:com.banking.testCases.TC_LoginTest_001@d29f28]" started-at="2022-06-07T14:03:23 IST" name="loginTest" finished-at="2022-06-07T14:03:25 IST" duration-ms="2118" status="PASS">
          <reporter-output>
          </reporter-output>
        </test-method> <!-- loginTest -->
        <test-method is-config="true" signature="tearDown()[pri:0, instance:com.banking.testCases.TC_LoginTest_001@d29f28]" started-at="2022-06-07T14:03:25 IST" name="tearDown" finished-at="2022-06-07T14:03:25 IST" duration-ms="662" status="PASS">
          <reporter-output>
          </reporter-output>
        </test-method> <!-- tearDown -->
      </class> <!-- com.banking.testCases.TC_LoginTest_001 -->
    </test> <!-- BankingApp Test -->
  </suite> <!-- DemoBanking_Test -->
</testng-results>
