<?xml version="1.0" encoding="UTF-8"?>
<testng-results ignored="0" total="1" passed="1" failed="0" skipped="0">
  <reporter-output>
  </reporter-output>
  <suite started-at="2022-06-07T11:34:45 IST" name="DemoBanking_Test" finished-at="2022-06-07T11:35:15 IST" duration-ms="30033">
    <groups>
    </groups>
    <test started-at="2022-06-07T11:34:45 IST" name="BankingApp Test" finished-at="2022-06-07T11:35:15 IST" duration-ms="30033">
      <class name="com.banking.testCases.TC_AddCustomerTest_003">
        <test-method is-config="true" signature="setup(java.lang.String)[pri:0, instance:com.banking.testCases.TC_AddCustomerTest_003@2a3b5b47]" started-at="2022-06-07T11:34:45 IST" name="setup" finished-at="2022-06-07T11:34:50 IST" duration-ms="4845" status="PASS">
          <params>
            <param index="0">
              <value>
                <![CDATA[chrome]]>
              </value>
            </param>
          </params>
          <reporter-output>
          </reporter-output>
        </test-method> <!-- setup -->
        <test-method signature="addNewCustomer()[pri:0, instance:com.banking.testCases.TC_AddCustomerTest_003@2a3b5b47]" started-at="2022-06-07T11:34:50 IST" name="addNewCustomer" finished-at="2022-06-07T11:35:15 IST" duration-ms="25018" status="PASS">
          <reporter-output>
          </reporter-output>
        </test-method> <!-- addNewCustomer -->
        <test-method is-config="true" signature="tearDown()[pri:0, instance:com.banking.testCases.TC_AddCustomerTest_003@2a3b5b47]" started-at="2022-06-07T11:35:15 IST" name="tearDown" finished-at="2022-06-07T11:35:15 IST" duration-ms="0" status="PASS">
          <reporter-output>
          </reporter-output>
        </test-method> <!-- tearDown -->
      </class> <!-- com.banking.testCases.TC_AddCustomerTest_003 -->
    </test> <!-- BankingApp Test -->
  </suite> <!-- DemoBanking_Test -->
</testng-results>
